Start testing: Jul 01 22:08 BST
----------------------------------------------------------
1/5 Testing: AddSeedCheckLambda
1/5 Test: AddSeedCheckLambda
Command: "/home/jack/dev/project/voise-1.3/matlab/cpp/cmake-build-debug/testAddSeedCheckLambda"
Directory: /home/jack/dev/project/voise-1.3/matlab/cpp/cmake-build-debug
"AddSeedCheckLambda" start time: Jul 01 22:08 BST
Output:
----------------------------------------------------------
===============================================================================
All tests passed (100 assertions in 1 test case)

<end of output>
Test time =   5.67 sec
----------------------------------------------------------
Test Passed.
"AddSeedCheckLambda" end time: Jul 01 22:08 BST
"AddSeedCheckLambda" time elapsed: 00:00:05
----------------------------------------------------------

2/5 Testing: RemoveSeedCheckLambda
2/5 Test: RemoveSeedCheckLambda
Command: "/home/jack/dev/project/voise-1.3/matlab/cpp/cmake-build-debug/testRemoveSeedCheckLambda"
Directory: /home/jack/dev/project/voise-1.3/matlab/cpp/cmake-build-debug
"RemoveSeedCheckLambda" start time: Jul 01 22:08 BST
Output:
----------------------------------------------------------
===============================================================================
All tests passed (100 assertions in 1 test case)

<end of output>
Test time =   6.45 sec
----------------------------------------------------------
Test Passed.
"RemoveSeedCheckLambda" end time: Jul 01 22:09 BST
"RemoveSeedCheckLambda" time elapsed: 00:00:06
----------------------------------------------------------

3/5 Testing: AddSeedCheckV
3/5 Test: AddSeedCheckV
Command: "/home/jack/dev/project/voise-1.3/matlab/cpp/cmake-build-debug/testAddSeedCheckV"
Directory: /home/jack/dev/project/voise-1.3/matlab/cpp/cmake-build-debug
"AddSeedCheckV" start time: Jul 01 22:09 BST
Output:
----------------------------------------------------------
===============================================================================
All tests passed (100 assertions in 1 test case)

<end of output>
Test time =   6.34 sec
----------------------------------------------------------
Test Passed.
"AddSeedCheckV" end time: Jul 01 22:09 BST
"AddSeedCheckV" time elapsed: 00:00:06
----------------------------------------------------------

4/5 Testing: RemoveSeedCheckV
4/5 Test: RemoveSeedCheckV
Command: "/home/jack/dev/project/voise-1.3/matlab/cpp/cmake-build-debug/testRemoveSeedCheckV"
Directory: /home/jack/dev/project/voise-1.3/matlab/cpp/cmake-build-debug
"RemoveSeedCheckV" start time: Jul 01 22:09 BST
Output:
----------------------------------------------------------
===============================================================================
All tests passed (100 assertions in 1 test case)

<end of output>
Test time =   6.30 sec
----------------------------------------------------------
Test Passed.
"RemoveSeedCheckV" end time: Jul 01 22:09 BST
"RemoveSeedCheckV" time elapsed: 00:00:06
----------------------------------------------------------

5/5 Testing: PointInRegionCheck
5/5 Test: PointInRegionCheck
Command: "/home/jack/dev/project/voise-1.3/matlab/cpp/cmake-build-debug/PointInRegionCheck"
Directory: /home/jack/dev/project/voise-1.3/matlab/cpp/cmake-build-debug
"PointInRegionCheck" start time: Jul 01 22:09 BST
Output:
----------------------------------------------------------
===============================================================================
All tests passed (2248 assertions in 2 test cases)

<end of output>
Test time =   0.04 sec
----------------------------------------------------------
Test Passed.
"PointInRegionCheck" end time: Jul 01 22:09 BST
"PointInRegionCheck" time elapsed: 00:00:00
----------------------------------------------------------

End testing: Jul 01 22:09 BST
