Start testing: Jul 01 11:27 BST
----------------------------------------------------------
1/2 Testing: Test1
1/2 Test: Test1
Command: "/home/jack/dev/project/voise-1.3/matlab/cpp/cmake-build-debug/test1"
Directory: /home/jack/dev/project/voise-1.3/matlab/cpp/cmake-build-debug
"Test1" start time: Jul 01 11:27 BST
Output:
----------------------------------------------------------
===============================================================================
All tests passed (1 assertion in 1 test case)

<end of output>
Test time =   0.01 sec
----------------------------------------------------------
Test Passed.
"Test1" end time: Jul 01 11:27 BST
"Test1" time elapsed: 00:00:00
----------------------------------------------------------

2/2 Testing: Test2
2/2 Test: Test2
Command: "/home/jack/dev/project/voise-1.3/matlab/cpp/cmake-build-debug/test2"
Directory: /home/jack/dev/project/voise-1.3/matlab/cpp/cmake-build-debug
"Test2" start time: Jul 01 11:27 BST
Output:
----------------------------------------------------------

~~~~~~~~~~~~~~~~~~~~~~~~~~~~~~~~~~~~~~~~~~~~~~~~~~~~~~~~~~~~~~~~~~~~~~~~~~~~~~~
test2 is a Catch v2.2.3 host application.
Run with -? for options

-------------------------------------------------------------------------------
Require false
-------------------------------------------------------------------------------
/home/jack/dev/project/voise-1.3/matlab/cpp/test/test_case_2.cpp:3
...............................................................................

/home/jack/dev/project/voise-1.3/matlab/cpp/test/test_case_2.cpp:4: FAILED:
  REQUIRE( false )

===============================================================================
test cases: 1 | 1 failed
assertions: 1 | 1 failed

<end of output>
Test time =   0.00 sec
----------------------------------------------------------
Test Failed.
"Test2" end time: Jul 01 11:27 BST
"Test2" time elapsed: 00:00:00
----------------------------------------------------------

End testing: Jul 01 11:27 BST
