Start testing: Aug 15 11:21 BST
----------------------------------------------------------
1/11 Testing: AddSeedCheckLambda
1/11 Test: AddSeedCheckLambda
Command: "/home/jack/dev/project/voise-1.3/cpp/build/testAddSeedCheckLambda"
Directory: /home/jack/dev/project/voise-1.3/cpp/build
"AddSeedCheckLambda" start time: Aug 15 11:21 BST
Output:
----------------------------------------------------------
===============================================================================
All tests passed (100 assertions in 1 test case)

<end of output>
Test time =   2.42 sec
----------------------------------------------------------
Test Passed.
"AddSeedCheckLambda" end time: Aug 15 11:21 BST
"AddSeedCheckLambda" time elapsed: 00:00:02
----------------------------------------------------------

2/11 Testing: RemoveSeedCheckLambda
2/11 Test: RemoveSeedCheckLambda
Command: "/home/jack/dev/project/voise-1.3/cpp/build/testRemoveSeedCheckLambda"
Directory: /home/jack/dev/project/voise-1.3/cpp/build
"RemoveSeedCheckLambda" start time: Aug 15 11:21 BST
Output:
----------------------------------------------------------
===============================================================================
All tests passed (300 assertions in 1 test case)

<end of output>
Test time =  19.61 sec
----------------------------------------------------------
Test Passed.
"RemoveSeedCheckLambda" end time: Aug 15 11:21 BST
"RemoveSeedCheckLambda" time elapsed: 00:00:19
----------------------------------------------------------

3/11 Testing: AddSeedCheckV
3/11 Test: AddSeedCheckV
Command: "/home/jack/dev/project/voise-1.3/cpp/build/testAddSeedCheckV"
Directory: /home/jack/dev/project/voise-1.3/cpp/build
"AddSeedCheckV" start time: Aug 15 11:21 BST
Output:
----------------------------------------------------------
===============================================================================
All tests passed (100 assertions in 1 test case)

<end of output>
Test time =   2.55 sec
----------------------------------------------------------
Test Passed.
"AddSeedCheckV" end time: Aug 15 11:21 BST
"AddSeedCheckV" time elapsed: 00:00:02
----------------------------------------------------------

4/11 Testing: RemoveSeedCheckV
4/11 Test: RemoveSeedCheckV
Command: "/home/jack/dev/project/voise-1.3/cpp/build/testRemoveSeedCheckV"
Directory: /home/jack/dev/project/voise-1.3/cpp/build
"RemoveSeedCheckV" start time: Aug 15 11:21 BST
Output:
----------------------------------------------------------
===============================================================================
All tests passed (300 assertions in 1 test case)

<end of output>
Test time =  26.15 sec
----------------------------------------------------------
Test Passed.
"RemoveSeedCheckV" end time: Aug 15 11:22 BST
"RemoveSeedCheckV" time elapsed: 00:00:26
----------------------------------------------------------

5/11 Testing: PointInRegionCheck
5/11 Test: PointInRegionCheck
Command: "/home/jack/dev/project/voise-1.3/cpp/build/PointInRegionCheck"
Directory: /home/jack/dev/project/voise-1.3/cpp/build
"PointInRegionCheck" start time: Aug 15 11:22 BST
Output:
----------------------------------------------------------
===============================================================================
All tests passed (12299 assertions in 2 test cases)

<end of output>
Test time =   0.14 sec
----------------------------------------------------------
Test Passed.
"PointInRegionCheck" end time: Aug 15 11:22 BST
"PointInRegionCheck" time elapsed: 00:00:00
----------------------------------------------------------

6/11 Testing: SqDistanceCheck
6/11 Test: SqDistanceCheck
Command: "/home/jack/dev/project/voise-1.3/cpp/build/SqDistanceCheck"
Directory: /home/jack/dev/project/voise-1.3/cpp/build
"SqDistanceCheck" start time: Aug 15 11:22 BST
Output:
----------------------------------------------------------
===============================================================================
All tests passed (6 assertions in 6 test cases)

<end of output>
Test time =   0.00 sec
----------------------------------------------------------
Test Passed.
"SqDistanceCheck" end time: Aug 15 11:22 BST
"SqDistanceCheck" time elapsed: 00:00:00
----------------------------------------------------------

7/11 Testing: InVectorCheck
7/11 Test: InVectorCheck
Command: "/home/jack/dev/project/voise-1.3/cpp/build/InVectorCheck"
Directory: /home/jack/dev/project/voise-1.3/cpp/build
"InVectorCheck" start time: Aug 15 11:22 BST
Output:
----------------------------------------------------------
===============================================================================
All tests passed (5 assertions in 5 test cases)

<end of output>
Test time =   0.00 sec
----------------------------------------------------------
Test Passed.
"InVectorCheck" end time: Aug 15 11:22 BST
"InVectorCheck" time elapsed: 00:00:00
----------------------------------------------------------

8/11 Testing: MetricChecks
8/11 Test: MetricChecks
Command: "/home/jack/dev/project/voise-1.3/cpp/build/MetricChecks"
Directory: /home/jack/dev/project/voise-1.3/cpp/build
"MetricChecks" start time: Aug 15 11:22 BST
Output:
----------------------------------------------------------
===============================================================================
All tests passed (19 assertions in 19 test cases)

<end of output>
Test time =   0.00 sec
----------------------------------------------------------
Test Passed.
"MetricChecks" end time: Aug 15 11:22 BST
"MetricChecks" time elapsed: 00:00:00
----------------------------------------------------------

9/11 Testing: GetVDOpCheck
9/11 Test: GetVDOpCheck
Command: "/home/jack/dev/project/voise-1.3/cpp/build/GetVDOpCheck"
Directory: /home/jack/dev/project/voise-1.3/cpp/build
"GetVDOpCheck" start time: Aug 15 11:22 BST
Output:
----------------------------------------------------------
===============================================================================
All tests passed (100 assertions in 1 test case)

<end of output>
Test time =   0.01 sec
----------------------------------------------------------
Test Passed.
"GetVDOpCheck" end time: Aug 15 11:22 BST
"GetVDOpCheck" time elapsed: 00:00:00
----------------------------------------------------------

10/11 Testing: GetCentroidCheck
10/11 Test: GetCentroidCheck
Command: "/home/jack/dev/project/voise-1.3/cpp/build/GetCentroidCheck"
Directory: /home/jack/dev/project/voise-1.3/cpp/build
"GetCentroidCheck" start time: Aug 15 11:22 BST
Output:
----------------------------------------------------------
===============================================================================
All tests passed (10 assertions in 1 test case)

<end of output>
Test time =   0.00 sec
----------------------------------------------------------
Test Passed.
"GetCentroidCheck" end time: Aug 15 11:22 BST
"GetCentroidCheck" time elapsed: 00:00:00
----------------------------------------------------------

11/11 Testing: Proposition2Check
11/11 Test: Proposition2Check
Command: "/home/jack/dev/project/voise-1.3/cpp/build/Proposition2Check"
Directory: /home/jack/dev/project/voise-1.3/cpp/build
"Proposition2Check" start time: Aug 15 11:22 BST
Output:
----------------------------------------------------------
===============================================================================
All tests passed (1020 assertions in 1 test case)

<end of output>
Test time =  12.09 sec
----------------------------------------------------------
Test Passed.
"Proposition2Check" end time: Aug 15 11:22 BST
"Proposition2Check" time elapsed: 00:00:12
----------------------------------------------------------

End testing: Aug 15 11:22 BST
